Release 14.7 Map P.20131013 (nt64)
Xilinx Mapping Report File for Design 'Led_blink'

Design Information
------------------
Command Line   : map -intstyle ise -p xc3s50a-tq144-4 -cm area -ir off -pr off
-c 100 -o Led_blink_map.ncd Led_blink.ngd Led_blink.pcf 
Target Device  : xc3s50a
Target Package : tq144
Target Speed   : -4
Mapper Version : spartan3a -- $Revision: 1.55 $
Mapped Date    : Sun Jun 19 13:38:50 2022

Design Summary
--------------
Number of errors:      0
Number of warnings:    1
Logic Utilization:
Logic Distribution:
    Number of Slices containing only related logic:       0 out of       0   0%
    Number of Slices containing unrelated logic:          0 out of       0   0%
      *See NOTES below for an explanation of the effects of unrelated logic.
  Number of bonded IOBs:                 17 out of     108   15%

Average Fanout of Non-Clock Nets:                0.89

Peak Memory Usage:  4418 MB
Total REAL time to MAP completion:  1 secs 
Total CPU time to MAP completion:   1 secs 

NOTES:

   Related logic is defined as being logic that shares connectivity - e.g. two
   LUTs are "related" if they share common inputs.  When assembling slices,
   Map gives priority to combine logic that is related.  Doing so results in
   the best timing performance.

   Unrelated logic shares no connectivity.  Map will only begin packing
   unrelated logic into a slice once 99% of the slices are occupied through
   related logic packing.

   Note that once logic distribution reaches the 99% level through related
   logic packing, this does not mean the device is completely utilized.
   Unrelated logic packing will then begin, continuing until all usable LUTs
   and FFs are occupied.  Depending on your timing budget, increased levels of
   unrelated logic packing may adversely affect the overall timing performance
   of your design.

Table of Contents
-----------------
Section 1 - Errors
Section 2 - Warnings
Section 3 - Informational
Section 4 - Removed Logic Summary
Section 5 - Removed Logic
Section 6 - IOB Properties
Section 7 - RPMs
Section 8 - Guide Report
Section 9 - Area Group and Partition Summary
Section 10 - Timing Report
Section 11 - Configuration String Information
Section 12 - Control Set Information
Section 13 - Utilization by Hierarchy

Section 1 - Errors
------------------

Section 2 - Warnings
--------------------
WARNING:PhysDesignRules:367 - The signal <clk_IBUF> is incomplete. The signal
   does not drive any load pins in the design.

Section 3 - Informational
-------------------------
INFO:LIT:243 - Logical network clk_IBUF has no load.
INFO:MapLib:562 - No environment variables are currently set.
INFO:MapLib:159 - Net Timing constraints on signal clk are pushed forward
   through input buffer.

Section 4 - Removed Logic Summary
---------------------------------

Section 5 - Removed Logic
-------------------------

Section 6 - IOB Properties
--------------------------

+-------------------------------------------------------------------------------------------------------------------------------------------------------------------------------+
| IOB Name                           | Type             | Direction | IO Standard          | Diff  | Drive    | Slew    | Reg (s)      | Resistor | IBUF/IFD | SUSPEND          |
|                                    |                  |           |                      | Term  | Strength | Rate    |              |          | Delay    |                  |
+-------------------------------------------------------------------------------------------------------------------------------------------------------------------------------+
| clk                                | IBUF             | INPUT     | LVCMOS33             |       |          |         |              |          | 0 / 0    |                  |
| led<0>                             | IOB              | OUTPUT    | LVCMOS33             |       | 8        | FAST    |              |          | 0 / 0    | 3STATE           |
| led<1>                             | IOB              | OUTPUT    | LVCMOS33             |       | 8        | FAST    |              |          | 0 / 0    | 3STATE           |
| led<2>                             | IOB              | OUTPUT    | LVCMOS33             |       | 8        | FAST    |              |          | 0 / 0    | 3STATE           |
| led<3>                             | IOB              | OUTPUT    | LVCMOS33             |       | 8        | FAST    |              |          | 0 / 0    | 3STATE           |
| led<4>                             | IOB              | OUTPUT    | LVCMOS33             |       | 8        | FAST    |              |          | 0 / 0    | 3STATE           |
| led<5>                             | IOB              | OUTPUT    | LVCMOS33             |       | 8        | FAST    |              |          | 0 / 0    | 3STATE           |
| led<6>                             | IOB              | OUTPUT    | LVCMOS33             |       | 8        | FAST    |              |          | 0 / 0    | 3STATE           |
| led<7>                             | IOB              | OUTPUT    | LVCMOS33             |       | 8        | FAST    |              |          | 0 / 0    | 3STATE           |
| switch<0>                          | IBUF             | INPUT     | LVCMOS33             |       |          |         |              | PULLUP   | 0 / 0    |                  |
| switch<1>                          | IBUF             | INPUT     | LVCMOS33             |       |          |         |              | PULLUP   | 0 / 0    |                  |
| switch<2>                          | IBUF             | INPUT     | LVCMOS33             |       |          |         |              | PULLUP   | 0 / 0    |                  |
| switch<3>                          | IBUF             | INPUT     | LVCMOS33             |       |          |         |              | PULLUP   | 0 / 0    |                  |
| switch<4>                          | IBUF             | INPUT     | LVCMOS33             |       |          |         |              | PULLUP   | 0 / 0    |                  |
| switch<5>                          | IBUF             | INPUT     | LVCMOS33             |       |          |         |              | PULLUP   | 0 / 0    |                  |
| switch<6>                          | IBUF             | INPUT     | LVCMOS33             |       |          |         |              | PULLUP   | 0 / 0    |                  |
| switch<7>                          | IBUF             | INPUT     | LVCMOS33             |       |          |         |              | PULLUP   | 0 / 0    |                  |
+-------------------------------------------------------------------------------------------------------------------------------------------------------------------------------+

Section 7 - RPMs
----------------

Section 8 - Guide Report
------------------------
Guide not run on this design.

Section 9 - Area Group and Partition Summary
--------------------------------------------

Partition Implementation Status
-------------------------------

  No Partitions were found in this design.

-------------------------------

Area Group Information
----------------------

  No area groups were found in this design.

----------------------

Section 10 - Timing Report
--------------------------
This design was not run using timing mode.

Section 11 - Configuration String Details
-----------------------------------------
Use the "-detail" map option to print out Configuration Strings

Section 12 - Control Set Information
------------------------------------
No control set information for this architecture.

Section 13 - Utilization by Hierarchy
-------------------------------------
Use the "-detail" map option to print out the Utilization by Hierarchy section.
